Grammar

    0 $accept: program $end

    1 program: PROGRAM_KW saved_identifier declarations_list procedure_list MAIN_KW block
    2        | PROGRAM_KW saved_identifier procedure_list MAIN_KW block
    3        | PROGRAM_KW saved_identifier declarations_list MAIN_KW block
    4        | PROGRAM_KW saved_identifier MAIN_KW block

    5 declarations_list: declarations_list declarations
    6                  | declarations

    7 declarations: type_specifiers declarator_list

    8 type_specifiers: INTEGER_KW
    9                | REAL_KW
   10                | CHAR_KW
   11                | BOOLEAN_KW

   12 declarator_list: declarator_list declarator
   13                | declarator_end

   14 declarator: dec COMMA_KW
   15           | dec ASS_KW initializer

   16 declarator_end: dec SEMICOLON_KW
   17               | dec ASS_KW initializer SEMICOLON_KW
   18               | dec ASS_KW initializer_end

   19 dec: saved_identifier
   20    | saved_identifier LB_KW range RB_KW
   21    | saved_identifier LB_KW saved_integer RB_KW

   22 range: saved_identifier TWO_DOTS_KW saved_identifier
   23      | saved_integer TWO_DOTS_KW saved_integer
   24      | arithmatic_expressions TWO_DOTS_KW arithmatic_expressions

   25 initializer: LCB_KW initializer_list_in_cb
   26            | initializer_list

   27 initializer_end: initializer_list constant_expressions SEMICOLON_KW
   28                | constant_expressions SEMICOLON_KW

   29 initializer_list: initializer_list constant_expressions COMMA_KW
   30                 | constant_expressions COMMA_KW

   31 initializer_list_in_cb: initializer_list constant_expressions RCB_KW
   32                       | constant_expressions RCB_KW

   33 procedure_list: procedure
   34               | procedure_list procedure

   35 procedure: PROCEDURE_KW saved_identifier parameters LCB_KW declarations_list block RCB_KW
   36          | PROCEDURE_KW saved_identifier parameters LCB_KW block RCB_KW

   37 parameters: LP_KW declarations_list RP_KW
   38           | LP_KW RP_KW

   39 block: LCB_KW statement_list RCB_KW
   40      | LCB_KW RCB_KW

   41 statement_list: SEMICOLON_KW
   42               | statement SEMICOLON_KW
   43               | statement_list statement SEMICOLON_KW

   44 statement: matched
   45          | unmatched

   46 matched: IF_KW bool_expressions THEN_KW matched ELSE_KW matched
   47        | other_statement

   48 unmatched: IF_KW bool_expressions THEN_KW matched ELSE_KW unmatched
   49          | IF_KW bool_expressions THEN_KW statement

   50 other_statement: saved_identifier ASS_KW expressions
   51                | DO_KW statement WHILE_KW bool_expressions
   52                | FOR_KW saved_identifier IN_KW range REPEAT_KW block
   53                | SWITCH_KW expressions caseelement default END_KW
   54                | SWITCH_KW expressions caseelement END_KW
   55                | saved_identifier LP_KW arguments RP_KW
   56                | saved_identifier LP_KW RP_KW
   57                | RETURN_KW expressions
   58                | EXIT_KW WHEN_KW LP_KW bool_expressions RP_KW
   59                | block

   60 arguments: declarator_list

   61 caseelement: CASE_KW saved_integer COLON_KW block SEMICOLON_KW
   62            | caseelement CASE_KW saved_integer COLON_KW block SEMICOLON_KW

   63 default: DEFAULT_KW COLON_KW block SEMICOLON_KW

   64 expressions: constant_expressions
   65            | bool_expressions
   66            | arithmatic_expressions
   67            | saved_identifier
   68            | LP_KW expressions RP_KW

   69 constant_expressions: saved_integer
   70                     | saved_real
   71                     | saved_char
   72                     | saved_boolean

   73 bool_expressions: expressions LT_KW expressions
   74                 | expressions LE_KW expressions
   75                 | expressions GT_KW expressions
   76                 | expressions GE_KW expressions
   77                 | expressions EQ_KW expressions
   78                 | expressions NE_KW expressions
   79                 | expressions AND_KW M expressions
   80                 | expressions OR_KW M expressions
   81                 | expressions AND_THEN_KW expressions
   82                 | expressions OR_ELSE_KW expressions
   83                 | NOT_KW expressions

   84 arithmatic_expressions: expressions ADD_KW expressions
   85                       | expressions SUB_KW expressions
   86                       | expressions MUL_KW expressions
   87                       | expressions DIV_KW expressions
   88                       | expressions MOD_KW expressions
   89                       | SUB_KW expressions

   90 saved_identifier: IDENTIFIER

   91 saved_integer: INTEGER_CONSTANT

   92 saved_real: REAL_CONSTANT

   93 saved_char: CHAR_CONSTANT

   94 saved_boolean: BOOLEAN_CONSTANT

   95 M: /* empty */


Terminals, with rules where they appear

$end (0) 0
error (256)
PROGRAM_KW (258) 1 2 3 4
MAIN_KW (259) 1 2 3 4
PROCEDURE_KW (260) 35 36
INTEGER_KW (261) 8
REAL_KW (262) 9
CHAR_KW (263) 10
BOOLEAN_KW (264) 11
IF_KW (265) 46 48 49
THEN_KW (266) 46 48 49
ELSE_KW (267) 46 48
DO_KW (268) 51
WHILE_KW (269) 51
FOR_KW (270) 52
IN_KW (271) 52
REPEAT_KW (272) 52
SWITCH_KW (273) 53 54
CASE_KW (274) 61 62
DEFAULT_KW (275) 63
END_KW (276) 53 54
RETURN_KW (277) 57
EXIT_KW (278) 58
WHEN_KW (279) 58
AND_KW (280) 79
AND_THEN_KW (281) 81
OR_KW (282) 80
OR_ELSE_KW (283) 82
NOT_KW (284) 83
SEMICOLON_KW (285) 16 17 27 28 41 42 43 61 62 63
COLON_KW (286) 61 62 63
COMMA_KW (287) 14 29 30
ASS_KW (288) 15 17 18 50
LP_KW (289) 37 38 55 56 58 68
RP_KW (290) 37 38 55 56 58 68
LB_KW (291) 20 21
RB_KW (292) 20 21
LCB_KW (293) 25 35 36 39 40
RCB_KW (294) 31 32 35 36 39 40
TWO_DOTS_KW (295) 22 23 24
EQ_KW (296) 77
NE_KW (297) 78
LE_KW (298) 74
LT_KW (299) 73
GE_KW (300) 76
GT_KW (301) 75
ADD_KW (302) 84
SUB_KW (303) 85 89
MUL_KW (304) 86
DIV_KW (305) 87
MOD_KW (306) 88
IDENTIFIER (307) 90
INTEGER_CONSTANT (308) 91
REAL_CONSTANT (309) 92
CHAR_CONSTANT (310) 93
BOOLEAN_CONSTANT (311) 94
usub (312)


Nonterminals, with rules where they appear

$accept (58)
    on left: 0
program (59)
    on left: 1 2 3 4, on right: 0
declarations_list (60)
    on left: 5 6, on right: 1 3 5 35 37
declarations (61)
    on left: 7, on right: 5 6
type_specifiers (62)
    on left: 8 9 10 11, on right: 7
declarator_list (63)
    on left: 12 13, on right: 7 12 60
declarator (64)
    on left: 14 15, on right: 12
declarator_end (65)
    on left: 16 17 18, on right: 13
dec (66)
    on left: 19 20 21, on right: 14 15 16 17 18
range (67)
    on left: 22 23 24, on right: 20 52
initializer (68)
    on left: 25 26, on right: 15 17
initializer_end (69)
    on left: 27 28, on right: 18
initializer_list (70)
    on left: 29 30, on right: 26 27 29 31
initializer_list_in_cb (71)
    on left: 31 32, on right: 25
procedure_list (72)
    on left: 33 34, on right: 1 2 34
procedure (73)
    on left: 35 36, on right: 33 34
parameters (74)
    on left: 37 38, on right: 35 36
block (75)
    on left: 39 40, on right: 1 2 3 4 35 36 52 59 61 62 63
statement_list (76)
    on left: 41 42 43, on right: 39 43
statement (77)
    on left: 44 45, on right: 42 43 49 51
matched (78)
    on left: 46 47, on right: 44 46 48
unmatched (79)
    on left: 48 49, on right: 45 48
other_statement (80)
    on left: 50 51 52 53 54 55 56 57 58 59, on right: 47
arguments (81)
    on left: 60, on right: 55
caseelement (82)
    on left: 61 62, on right: 53 54 62
default (83)
    on left: 63, on right: 53
expressions (84)
    on left: 64 65 66 67 68, on right: 50 53 54 57 68 73 74 75 76 77
    78 79 80 81 82 83 84 85 86 87 88 89
constant_expressions (85)
    on left: 69 70 71 72, on right: 27 28 29 30 31 32 64
bool_expressions (86)
    on left: 73 74 75 76 77 78 79 80 81 82 83, on right: 46 48 49 51
    58 65
arithmatic_expressions (87)
    on left: 84 85 86 87 88 89, on right: 24 66
saved_identifier (88)
    on left: 90, on right: 1 2 3 4 19 20 21 22 35 36 50 52 55 56 67
saved_integer (89)
    on left: 91, on right: 21 23 61 62 69
saved_real (90)
    on left: 92, on right: 70
saved_char (91)
    on left: 93, on right: 71
saved_boolean (92)
    on left: 94, on right: 72
M (93)
    on left: 95, on right: 79 80


state 0

    0 $accept: . program $end

    PROGRAM_KW  shift, and go to state 1

    program  go to state 2


state 1

    1 program: PROGRAM_KW . saved_identifier declarations_list procedure_list MAIN_KW block
    2        | PROGRAM_KW . saved_identifier procedure_list MAIN_KW block
    3        | PROGRAM_KW . saved_identifier declarations_list MAIN_KW block
    4        | PROGRAM_KW . saved_identifier MAIN_KW block

    IDENTIFIER  shift, and go to state 3

    saved_identifier  go to state 4


state 2

    0 $accept: program . $end

    $end  shift, and go to state 5


state 3

   90 saved_identifier: IDENTIFIER .

    $default  reduce using rule 90 (saved_identifier)


state 4

    1 program: PROGRAM_KW saved_identifier . declarations_list procedure_list MAIN_KW block
    2        | PROGRAM_KW saved_identifier . procedure_list MAIN_KW block
    3        | PROGRAM_KW saved_identifier . declarations_list MAIN_KW block
    4        | PROGRAM_KW saved_identifier . MAIN_KW block

    MAIN_KW       shift, and go to state 6
    PROCEDURE_KW  shift, and go to state 7
    INTEGER_KW    shift, and go to state 8
    REAL_KW       shift, and go to state 9
    CHAR_KW       shift, and go to state 10
    BOOLEAN_KW    shift, and go to state 11

    declarations_list  go to state 12
    declarations       go to state 13
    type_specifiers    go to state 14
    procedure_list     go to state 15
    procedure          go to state 16


state 5

    0 $accept: program $end .

    $default  accept


state 6

    4 program: PROGRAM_KW saved_identifier MAIN_KW . block

    LCB_KW  shift, and go to state 17

    block  go to state 18


state 7

   35 procedure: PROCEDURE_KW . saved_identifier parameters LCB_KW declarations_list block RCB_KW
   36          | PROCEDURE_KW . saved_identifier parameters LCB_KW block RCB_KW

    IDENTIFIER  shift, and go to state 3

    saved_identifier  go to state 19


state 8

    8 type_specifiers: INTEGER_KW .

    $default  reduce using rule 8 (type_specifiers)


state 9

    9 type_specifiers: REAL_KW .

    $default  reduce using rule 9 (type_specifiers)


state 10

   10 type_specifiers: CHAR_KW .

    $default  reduce using rule 10 (type_specifiers)


state 11

   11 type_specifiers: BOOLEAN_KW .

    $default  reduce using rule 11 (type_specifiers)


state 12

    1 program: PROGRAM_KW saved_identifier declarations_list . procedure_list MAIN_KW block
    3        | PROGRAM_KW saved_identifier declarations_list . MAIN_KW block
    5 declarations_list: declarations_list . declarations

    MAIN_KW       shift, and go to state 20
    PROCEDURE_KW  shift, and go to state 7
    INTEGER_KW    shift, and go to state 8
    REAL_KW       shift, and go to state 9
    CHAR_KW       shift, and go to state 10
    BOOLEAN_KW    shift, and go to state 11

    declarations     go to state 21
    type_specifiers  go to state 14
    procedure_list   go to state 22
    procedure        go to state 16


state 13

    6 declarations_list: declarations .

    $default  reduce using rule 6 (declarations_list)


state 14

    7 declarations: type_specifiers . declarator_list

    IDENTIFIER  shift, and go to state 3

    declarator_list   go to state 23
    declarator_end    go to state 24
    dec               go to state 25
    saved_identifier  go to state 26


state 15

    2 program: PROGRAM_KW saved_identifier procedure_list . MAIN_KW block
   34 procedure_list: procedure_list . procedure

    MAIN_KW       shift, and go to state 27
    PROCEDURE_KW  shift, and go to state 7

    procedure  go to state 28


state 16

   33 procedure_list: procedure .

    $default  reduce using rule 33 (procedure_list)


state 17

   39 block: LCB_KW . statement_list RCB_KW
   40      | LCB_KW . RCB_KW

    IF_KW         shift, and go to state 29
    DO_KW         shift, and go to state 30
    FOR_KW        shift, and go to state 31
    SWITCH_KW     shift, and go to state 32
    RETURN_KW     shift, and go to state 33
    EXIT_KW       shift, and go to state 34
    SEMICOLON_KW  shift, and go to state 35
    LCB_KW        shift, and go to state 17
    RCB_KW        shift, and go to state 36
    IDENTIFIER    shift, and go to state 3

    block             go to state 37
    statement_list    go to state 38
    statement         go to state 39
    matched           go to state 40
    unmatched         go to state 41
    other_statement   go to state 42
    saved_identifier  go to state 43


state 18

    4 program: PROGRAM_KW saved_identifier MAIN_KW block .

    $default  reduce using rule 4 (program)


state 19

   35 procedure: PROCEDURE_KW saved_identifier . parameters LCB_KW declarations_list block RCB_KW
   36          | PROCEDURE_KW saved_identifier . parameters LCB_KW block RCB_KW

    LP_KW  shift, and go to state 44

    parameters  go to state 45


state 20

    3 program: PROGRAM_KW saved_identifier declarations_list MAIN_KW . block

    LCB_KW  shift, and go to state 17

    block  go to state 46


state 21

    5 declarations_list: declarations_list declarations .

    $default  reduce using rule 5 (declarations_list)


state 22

    1 program: PROGRAM_KW saved_identifier declarations_list procedure_list . MAIN_KW block
   34 procedure_list: procedure_list . procedure

    MAIN_KW       shift, and go to state 47
    PROCEDURE_KW  shift, and go to state 7

    procedure  go to state 28


state 23

    7 declarations: type_specifiers declarator_list .
   12 declarator_list: declarator_list . declarator

    IDENTIFIER  shift, and go to state 3

    $default  reduce using rule 7 (declarations)

    declarator        go to state 48
    dec               go to state 49
    saved_identifier  go to state 26


state 24

   13 declarator_list: declarator_end .

    $default  reduce using rule 13 (declarator_list)


state 25

   16 declarator_end: dec . SEMICOLON_KW
   17               | dec . ASS_KW initializer SEMICOLON_KW
   18               | dec . ASS_KW initializer_end

    SEMICOLON_KW  shift, and go to state 50
    ASS_KW        shift, and go to state 51


state 26

   19 dec: saved_identifier .
   20    | saved_identifier . LB_KW range RB_KW
   21    | saved_identifier . LB_KW saved_integer RB_KW

    LB_KW  shift, and go to state 52

    $default  reduce using rule 19 (dec)


state 27

    2 program: PROGRAM_KW saved_identifier procedure_list MAIN_KW . block

    LCB_KW  shift, and go to state 17

    block  go to state 53


state 28

   34 procedure_list: procedure_list procedure .

    $default  reduce using rule 34 (procedure_list)


state 29

   46 matched: IF_KW . bool_expressions THEN_KW matched ELSE_KW matched
   48 unmatched: IF_KW . bool_expressions THEN_KW matched ELSE_KW unmatched
   49          | IF_KW . bool_expressions THEN_KW statement

    NOT_KW            shift, and go to state 54
    LP_KW             shift, and go to state 55
    SUB_KW            shift, and go to state 56
    IDENTIFIER        shift, and go to state 3
    INTEGER_CONSTANT  shift, and go to state 57
    REAL_CONSTANT     shift, and go to state 58
    CHAR_CONSTANT     shift, and go to state 59
    BOOLEAN_CONSTANT  shift, and go to state 60

    expressions             go to state 61
    constant_expressions    go to state 62
    bool_expressions        go to state 63
    arithmatic_expressions  go to state 64
    saved_identifier        go to state 65
    saved_integer           go to state 66
    saved_real              go to state 67
    saved_char              go to state 68
    saved_boolean           go to state 69


state 30

   51 other_statement: DO_KW . statement WHILE_KW bool_expressions

    IF_KW       shift, and go to state 29
    DO_KW       shift, and go to state 30
    FOR_KW      shift, and go to state 31
    SWITCH_KW   shift, and go to state 32
    RETURN_KW   shift, and go to state 33
    EXIT_KW     shift, and go to state 34
    LCB_KW      shift, and go to state 17
    IDENTIFIER  shift, and go to state 3

    block             go to state 37
    statement         go to state 70
    matched           go to state 40
    unmatched         go to state 41
    other_statement   go to state 42
    saved_identifier  go to state 43


state 31

   52 other_statement: FOR_KW . saved_identifier IN_KW range REPEAT_KW block

    IDENTIFIER  shift, and go to state 3

    saved_identifier  go to state 71


state 32

   53 other_statement: SWITCH_KW . expressions caseelement default END_KW
   54                | SWITCH_KW . expressions caseelement END_KW

    NOT_KW            shift, and go to state 54
    LP_KW             shift, and go to state 55
    SUB_KW            shift, and go to state 56
    IDENTIFIER        shift, and go to state 3
    INTEGER_CONSTANT  shift, and go to state 57
    REAL_CONSTANT     shift, and go to state 58
    CHAR_CONSTANT     shift, and go to state 59
    BOOLEAN_CONSTANT  shift, and go to state 60

    expressions             go to state 72
    constant_expressions    go to state 62
    bool_expressions        go to state 73
    arithmatic_expressions  go to state 64
    saved_identifier        go to state 65
    saved_integer           go to state 66
    saved_real              go to state 67
    saved_char              go to state 68
    saved_boolean           go to state 69


state 33

   57 other_statement: RETURN_KW . expressions

    NOT_KW            shift, and go to state 54
    LP_KW             shift, and go to state 55
    SUB_KW            shift, and go to state 56
    IDENTIFIER        shift, and go to state 3
    INTEGER_CONSTANT  shift, and go to state 57
    REAL_CONSTANT     shift, and go to state 58
    CHAR_CONSTANT     shift, and go to state 59
    BOOLEAN_CONSTANT  shift, and go to state 60

    expressions             go to state 74
    constant_expressions    go to state 62
    bool_expressions        go to state 73
    arithmatic_expressions  go to state 64
    saved_identifier        go to state 65
    saved_integer           go to state 66
    saved_real              go to state 67
    saved_char              go to state 68
    saved_boolean           go to state 69


state 34

   58 other_statement: EXIT_KW . WHEN_KW LP_KW bool_expressions RP_KW

    WHEN_KW  shift, and go to state 75


state 35

   41 statement_list: SEMICOLON_KW .

    $default  reduce using rule 41 (statement_list)


state 36

   40 block: LCB_KW RCB_KW .

    $default  reduce using rule 40 (block)


state 37

   59 other_statement: block .

    $default  reduce using rule 59 (other_statement)


state 38

   39 block: LCB_KW statement_list . RCB_KW
   43 statement_list: statement_list . statement SEMICOLON_KW

    IF_KW       shift, and go to state 29
    DO_KW       shift, and go to state 30
    FOR_KW      shift, and go to state 31
    SWITCH_KW   shift, and go to state 32
    RETURN_KW   shift, and go to state 33
    EXIT_KW     shift, and go to state 34
    LCB_KW      shift, and go to state 17
    RCB_KW      shift, and go to state 76
    IDENTIFIER  shift, and go to state 3

    block             go to state 37
    statement         go to state 77
    matched           go to state 40
    unmatched         go to state 41
    other_statement   go to state 42
    saved_identifier  go to state 43


state 39

   42 statement_list: statement . SEMICOLON_KW

    SEMICOLON_KW  shift, and go to state 78


state 40

   44 statement: matched .

    $default  reduce using rule 44 (statement)


state 41

   45 statement: unmatched .

    $default  reduce using rule 45 (statement)


state 42

   47 matched: other_statement .

    $default  reduce using rule 47 (matched)


state 43

   50 other_statement: saved_identifier . ASS_KW expressions
   55                | saved_identifier . LP_KW arguments RP_KW
   56                | saved_identifier . LP_KW RP_KW

    ASS_KW  shift, and go to state 79
    LP_KW   shift, and go to state 80


state 44

   37 parameters: LP_KW . declarations_list RP_KW
   38           | LP_KW . RP_KW

    INTEGER_KW  shift, and go to state 8
    REAL_KW     shift, and go to state 9
    CHAR_KW     shift, and go to state 10
    BOOLEAN_KW  shift, and go to state 11
    RP_KW       shift, and go to state 81

    declarations_list  go to state 82
    declarations       go to state 13
    type_specifiers    go to state 14


state 45

   35 procedure: PROCEDURE_KW saved_identifier parameters . LCB_KW declarations_list block RCB_KW
   36          | PROCEDURE_KW saved_identifier parameters . LCB_KW block RCB_KW

    LCB_KW  shift, and go to state 83


state 46

    3 program: PROGRAM_KW saved_identifier declarations_list MAIN_KW block .

    $default  reduce using rule 3 (program)


state 47

    1 program: PROGRAM_KW saved_identifier declarations_list procedure_list MAIN_KW . block

    LCB_KW  shift, and go to state 17

    block  go to state 84


state 48

   12 declarator_list: declarator_list declarator .

    $default  reduce using rule 12 (declarator_list)


state 49

   14 declarator: dec . COMMA_KW
   15           | dec . ASS_KW initializer

    COMMA_KW  shift, and go to state 85
    ASS_KW    shift, and go to state 86


state 50

   16 declarator_end: dec SEMICOLON_KW .

    $default  reduce using rule 16 (declarator_end)


state 51

   17 declarator_end: dec ASS_KW . initializer SEMICOLON_KW
   18               | dec ASS_KW . initializer_end

    LCB_KW            shift, and go to state 87
    INTEGER_CONSTANT  shift, and go to state 57
    REAL_CONSTANT     shift, and go to state 58
    CHAR_CONSTANT     shift, and go to state 59
    BOOLEAN_CONSTANT  shift, and go to state 60

    initializer           go to state 88
    initializer_end       go to state 89
    initializer_list      go to state 90
    constant_expressions  go to state 91
    saved_integer         go to state 66
    saved_real            go to state 67
    saved_char            go to state 68
    saved_boolean         go to state 69


state 52

   20 dec: saved_identifier LB_KW . range RB_KW
   21    | saved_identifier LB_KW . saved_integer RB_KW

    NOT_KW            shift, and go to state 54
    LP_KW             shift, and go to state 55
    SUB_KW            shift, and go to state 56
    IDENTIFIER        shift, and go to state 3
    INTEGER_CONSTANT  shift, and go to state 57
    REAL_CONSTANT     shift, and go to state 58
    CHAR_CONSTANT     shift, and go to state 59
    BOOLEAN_CONSTANT  shift, and go to state 60

    range                   go to state 92
    expressions             go to state 61
    constant_expressions    go to state 62
    bool_expressions        go to state 73
    arithmatic_expressions  go to state 93
    saved_identifier        go to state 94
    saved_integer           go to state 95
    saved_real              go to state 67
    saved_char              go to state 68
    saved_boolean           go to state 69


state 53

    2 program: PROGRAM_KW saved_identifier procedure_list MAIN_KW block .

    $default  reduce using rule 2 (program)


state 54

   83 bool_expressions: NOT_KW . expressions

    NOT_KW            shift, and go to state 54
    LP_KW             shift, and go to state 55
    SUB_KW            shift, and go to state 56
    IDENTIFIER        shift, and go to state 3
    INTEGER_CONSTANT  shift, and go to state 57
    REAL_CONSTANT     shift, and go to state 58
    CHAR_CONSTANT     shift, and go to state 59
    BOOLEAN_CONSTANT  shift, and go to state 60

    expressions             go to state 96
    constant_expressions    go to state 62
    bool_expressions        go to state 73
    arithmatic_expressions  go to state 64
    saved_identifier        go to state 65
    saved_integer           go to state 66
    saved_real              go to state 67
    saved_char              go to state 68
    saved_boolean           go to state 69


state 55

   68 expressions: LP_KW . expressions RP_KW

    NOT_KW            shift, and go to state 54
    LP_KW             shift, and go to state 55
    SUB_KW            shift, and go to state 56
    IDENTIFIER        shift, and go to state 3
    INTEGER_CONSTANT  shift, and go to state 57
    REAL_CONSTANT     shift, and go to state 58
    CHAR_CONSTANT     shift, and go to state 59
    BOOLEAN_CONSTANT  shift, and go to state 60

    expressions             go to state 97
    constant_expressions    go to state 62
    bool_expressions        go to state 73
    arithmatic_expressions  go to state 64
    saved_identifier        go to state 65
    saved_integer           go to state 66
    saved_real              go to state 67
    saved_char              go to state 68
    saved_boolean           go to state 69


state 56

   89 arithmatic_expressions: SUB_KW . expressions

    NOT_KW            shift, and go to state 54
    LP_KW             shift, and go to state 55
    SUB_KW            shift, and go to state 56
    IDENTIFIER        shift, and go to state 3
    INTEGER_CONSTANT  shift, and go to state 57
    REAL_CONSTANT     shift, and go to state 58
    CHAR_CONSTANT     shift, and go to state 59
    BOOLEAN_CONSTANT  shift, and go to state 60

    expressions             go to state 98
    constant_expressions    go to state 62
    bool_expressions        go to state 73
    arithmatic_expressions  go to state 64
    saved_identifier        go to state 65
    saved_integer           go to state 66
    saved_real              go to state 67
    saved_char              go to state 68
    saved_boolean           go to state 69


state 57

   91 saved_integer: INTEGER_CONSTANT .

    $default  reduce using rule 91 (saved_integer)


state 58

   92 saved_real: REAL_CONSTANT .

    $default  reduce using rule 92 (saved_real)


state 59

   93 saved_char: CHAR_CONSTANT .

    $default  reduce using rule 93 (saved_char)


state 60

   94 saved_boolean: BOOLEAN_CONSTANT .

    $default  reduce using rule 94 (saved_boolean)


state 61

   73 bool_expressions: expressions . LT_KW expressions
   74                 | expressions . LE_KW expressions
   75                 | expressions . GT_KW expressions
   76                 | expressions . GE_KW expressions
   77                 | expressions . EQ_KW expressions
   78                 | expressions . NE_KW expressions
   79                 | expressions . AND_KW M expressions
   80                 | expressions . OR_KW M expressions
   81                 | expressions . AND_THEN_KW expressions
   82                 | expressions . OR_ELSE_KW expressions
   84 arithmatic_expressions: expressions . ADD_KW expressions
   85                       | expressions . SUB_KW expressions
   86                       | expressions . MUL_KW expressions
   87                       | expressions . DIV_KW expressions
   88                       | expressions . MOD_KW expressions

    AND_KW       shift, and go to state 99
    AND_THEN_KW  shift, and go to state 100
    OR_KW        shift, and go to state 101
    OR_ELSE_KW   shift, and go to state 102
    EQ_KW        shift, and go to state 103
    NE_KW        shift, and go to state 104
    LE_KW        shift, and go to state 105
    LT_KW        shift, and go to state 106
    GE_KW        shift, and go to state 107
    GT_KW        shift, and go to state 108
    ADD_KW       shift, and go to state 109
    SUB_KW       shift, and go to state 110
    MUL_KW       shift, and go to state 111
    DIV_KW       shift, and go to state 112
    MOD_KW       shift, and go to state 113


state 62

   64 expressions: constant_expressions .

    $default  reduce using rule 64 (expressions)


state 63

   46 matched: IF_KW bool_expressions . THEN_KW matched ELSE_KW matched
   48 unmatched: IF_KW bool_expressions . THEN_KW matched ELSE_KW unmatched
   49          | IF_KW bool_expressions . THEN_KW statement
   65 expressions: bool_expressions .

    THEN_KW  shift, and go to state 114

    $default  reduce using rule 65 (expressions)


state 64

   66 expressions: arithmatic_expressions .

    $default  reduce using rule 66 (expressions)


state 65

   67 expressions: saved_identifier .

    $default  reduce using rule 67 (expressions)


state 66

   69 constant_expressions: saved_integer .

    $default  reduce using rule 69 (constant_expressions)


state 67

   70 constant_expressions: saved_real .

    $default  reduce using rule 70 (constant_expressions)


state 68

   71 constant_expressions: saved_char .

    $default  reduce using rule 71 (constant_expressions)


state 69

   72 constant_expressions: saved_boolean .

    $default  reduce using rule 72 (constant_expressions)


state 70

   51 other_statement: DO_KW statement . WHILE_KW bool_expressions

    WHILE_KW  shift, and go to state 115


state 71

   52 other_statement: FOR_KW saved_identifier . IN_KW range REPEAT_KW block

    IN_KW  shift, and go to state 116


state 72

   53 other_statement: SWITCH_KW expressions . caseelement default END_KW
   54                | SWITCH_KW expressions . caseelement END_KW
   73 bool_expressions: expressions . LT_KW expressions
   74                 | expressions . LE_KW expressions
   75                 | expressions . GT_KW expressions
   76                 | expressions . GE_KW expressions
   77                 | expressions . EQ_KW expressions
   78                 | expressions . NE_KW expressions
   79                 | expressions . AND_KW M expressions
   80                 | expressions . OR_KW M expressions
   81                 | expressions . AND_THEN_KW expressions
   82                 | expressions . OR_ELSE_KW expressions
   84 arithmatic_expressions: expressions . ADD_KW expressions
   85                       | expressions . SUB_KW expressions
   86                       | expressions . MUL_KW expressions
   87                       | expressions . DIV_KW expressions
   88                       | expressions . MOD_KW expressions

    CASE_KW      shift, and go to state 117
    AND_KW       shift, and go to state 99
    AND_THEN_KW  shift, and go to state 100
    OR_KW        shift, and go to state 101
    OR_ELSE_KW   shift, and go to state 102
    EQ_KW        shift, and go to state 103
    NE_KW        shift, and go to state 104
    LE_KW        shift, and go to state 105
    LT_KW        shift, and go to state 106
    GE_KW        shift, and go to state 107
    GT_KW        shift, and go to state 108
    ADD_KW       shift, and go to state 109
    SUB_KW       shift, and go to state 110
    MUL_KW       shift, and go to state 111
    DIV_KW       shift, and go to state 112
    MOD_KW       shift, and go to state 113

    caseelement  go to state 118


state 73

   65 expressions: bool_expressions .

    $default  reduce using rule 65 (expressions)


state 74

   57 other_statement: RETURN_KW expressions .
   73 bool_expressions: expressions . LT_KW expressions
   74                 | expressions . LE_KW expressions
   75                 | expressions . GT_KW expressions
   76                 | expressions . GE_KW expressions
   77                 | expressions . EQ_KW expressions
   78                 | expressions . NE_KW expressions
   79                 | expressions . AND_KW M expressions
   80                 | expressions . OR_KW M expressions
   81                 | expressions . AND_THEN_KW expressions
   82                 | expressions . OR_ELSE_KW expressions
   84 arithmatic_expressions: expressions . ADD_KW expressions
   85                       | expressions . SUB_KW expressions
   86                       | expressions . MUL_KW expressions
   87                       | expressions . DIV_KW expressions
   88                       | expressions . MOD_KW expressions

    AND_KW       shift, and go to state 99
    AND_THEN_KW  shift, and go to state 100
    OR_KW        shift, and go to state 101
    OR_ELSE_KW   shift, and go to state 102
    EQ_KW        shift, and go to state 103
    NE_KW        shift, and go to state 104
    LE_KW        shift, and go to state 105
    LT_KW        shift, and go to state 106
    GE_KW        shift, and go to state 107
    GT_KW        shift, and go to state 108
    ADD_KW       shift, and go to state 109
    SUB_KW       shift, and go to state 110
    MUL_KW       shift, and go to state 111
    DIV_KW       shift, and go to state 112
    MOD_KW       shift, and go to state 113

    $default  reduce using rule 57 (other_statement)


state 75

   58 other_statement: EXIT_KW WHEN_KW . LP_KW bool_expressions RP_KW

    LP_KW  shift, and go to state 119


state 76

   39 block: LCB_KW statement_list RCB_KW .

    $default  reduce using rule 39 (block)


state 77

   43 statement_list: statement_list statement . SEMICOLON_KW

    SEMICOLON_KW  shift, and go to state 120


state 78

   42 statement_list: statement SEMICOLON_KW .

    $default  reduce using rule 42 (statement_list)


state 79

   50 other_statement: saved_identifier ASS_KW . expressions

    NOT_KW            shift, and go to state 54
    LP_KW             shift, and go to state 55
    SUB_KW            shift, and go to state 56
    IDENTIFIER        shift, and go to state 3
    INTEGER_CONSTANT  shift, and go to state 57
    REAL_CONSTANT     shift, and go to state 58
    CHAR_CONSTANT     shift, and go to state 59
    BOOLEAN_CONSTANT  shift, and go to state 60

    expressions             go to state 121
    constant_expressions    go to state 62
    bool_expressions        go to state 73
    arithmatic_expressions  go to state 64
    saved_identifier        go to state 65
    saved_integer           go to state 66
    saved_real              go to state 67
    saved_char              go to state 68
    saved_boolean           go to state 69


state 80

   55 other_statement: saved_identifier LP_KW . arguments RP_KW
   56                | saved_identifier LP_KW . RP_KW

    RP_KW       shift, and go to state 122
    IDENTIFIER  shift, and go to state 3

    declarator_list   go to state 123
    declarator_end    go to state 24
    dec               go to state 25
    arguments         go to state 124
    saved_identifier  go to state 26


state 81

   38 parameters: LP_KW RP_KW .

    $default  reduce using rule 38 (parameters)


state 82

    5 declarations_list: declarations_list . declarations
   37 parameters: LP_KW declarations_list . RP_KW

    INTEGER_KW  shift, and go to state 8
    REAL_KW     shift, and go to state 9
    CHAR_KW     shift, and go to state 10
    BOOLEAN_KW  shift, and go to state 11
    RP_KW       shift, and go to state 125

    declarations     go to state 21
    type_specifiers  go to state 14


state 83

   35 procedure: PROCEDURE_KW saved_identifier parameters LCB_KW . declarations_list block RCB_KW
   36          | PROCEDURE_KW saved_identifier parameters LCB_KW . block RCB_KW

    INTEGER_KW  shift, and go to state 8
    REAL_KW     shift, and go to state 9
    CHAR_KW     shift, and go to state 10
    BOOLEAN_KW  shift, and go to state 11
    LCB_KW      shift, and go to state 17

    declarations_list  go to state 126
    declarations       go to state 13
    type_specifiers    go to state 14
    block              go to state 127


state 84

    1 program: PROGRAM_KW saved_identifier declarations_list procedure_list MAIN_KW block .

    $default  reduce using rule 1 (program)


state 85

   14 declarator: dec COMMA_KW .

    $default  reduce using rule 14 (declarator)


state 86

   15 declarator: dec ASS_KW . initializer

    LCB_KW            shift, and go to state 87
    INTEGER_CONSTANT  shift, and go to state 57
    REAL_CONSTANT     shift, and go to state 58
    CHAR_CONSTANT     shift, and go to state 59
    BOOLEAN_CONSTANT  shift, and go to state 60

    initializer           go to state 128
    initializer_list      go to state 129
    constant_expressions  go to state 130
    saved_integer         go to state 66
    saved_real            go to state 67
    saved_char            go to state 68
    saved_boolean         go to state 69


state 87

   25 initializer: LCB_KW . initializer_list_in_cb

    INTEGER_CONSTANT  shift, and go to state 57
    REAL_CONSTANT     shift, and go to state 58
    CHAR_CONSTANT     shift, and go to state 59
    BOOLEAN_CONSTANT  shift, and go to state 60

    initializer_list        go to state 131
    initializer_list_in_cb  go to state 132
    constant_expressions    go to state 133
    saved_integer           go to state 66
    saved_real              go to state 67
    saved_char              go to state 68
    saved_boolean           go to state 69


state 88

   17 declarator_end: dec ASS_KW initializer . SEMICOLON_KW

    SEMICOLON_KW  shift, and go to state 134


state 89

   18 declarator_end: dec ASS_KW initializer_end .

    $default  reduce using rule 18 (declarator_end)


state 90

   26 initializer: initializer_list .
   27 initializer_end: initializer_list . constant_expressions SEMICOLON_KW
   29 initializer_list: initializer_list . constant_expressions COMMA_KW

    INTEGER_CONSTANT  shift, and go to state 57
    REAL_CONSTANT     shift, and go to state 58
    CHAR_CONSTANT     shift, and go to state 59
    BOOLEAN_CONSTANT  shift, and go to state 60

    $default  reduce using rule 26 (initializer)

    constant_expressions  go to state 135
    saved_integer         go to state 66
    saved_real            go to state 67
    saved_char            go to state 68
    saved_boolean         go to state 69


state 91

   28 initializer_end: constant_expressions . SEMICOLON_KW
   30 initializer_list: constant_expressions . COMMA_KW

    SEMICOLON_KW  shift, and go to state 136
    COMMA_KW      shift, and go to state 137


state 92

   20 dec: saved_identifier LB_KW range . RB_KW

    RB_KW  shift, and go to state 138


state 93

   24 range: arithmatic_expressions . TWO_DOTS_KW arithmatic_expressions
   66 expressions: arithmatic_expressions .

    TWO_DOTS_KW  shift, and go to state 139

    $default  reduce using rule 66 (expressions)


state 94

   22 range: saved_identifier . TWO_DOTS_KW saved_identifier
   67 expressions: saved_identifier .

    TWO_DOTS_KW  shift, and go to state 140

    $default  reduce using rule 67 (expressions)


state 95

   21 dec: saved_identifier LB_KW saved_integer . RB_KW
   23 range: saved_integer . TWO_DOTS_KW saved_integer
   69 constant_expressions: saved_integer .

    RB_KW        shift, and go to state 141
    TWO_DOTS_KW  shift, and go to state 142

    $default  reduce using rule 69 (constant_expressions)


state 96

   73 bool_expressions: expressions . LT_KW expressions
   74                 | expressions . LE_KW expressions
   75                 | expressions . GT_KW expressions
   76                 | expressions . GE_KW expressions
   77                 | expressions . EQ_KW expressions
   78                 | expressions . NE_KW expressions
   79                 | expressions . AND_KW M expressions
   80                 | expressions . OR_KW M expressions
   81                 | expressions . AND_THEN_KW expressions
   82                 | expressions . OR_ELSE_KW expressions
   83                 | NOT_KW expressions .
   84 arithmatic_expressions: expressions . ADD_KW expressions
   85                       | expressions . SUB_KW expressions
   86                       | expressions . MUL_KW expressions
   87                       | expressions . DIV_KW expressions
   88                       | expressions . MOD_KW expressions

    $default  reduce using rule 83 (bool_expressions)


state 97

   68 expressions: LP_KW expressions . RP_KW
   73 bool_expressions: expressions . LT_KW expressions
   74                 | expressions . LE_KW expressions
   75                 | expressions . GT_KW expressions
   76                 | expressions . GE_KW expressions
   77                 | expressions . EQ_KW expressions
   78                 | expressions . NE_KW expressions
   79                 | expressions . AND_KW M expressions
   80                 | expressions . OR_KW M expressions
   81                 | expressions . AND_THEN_KW expressions
   82                 | expressions . OR_ELSE_KW expressions
   84 arithmatic_expressions: expressions . ADD_KW expressions
   85                       | expressions . SUB_KW expressions
   86                       | expressions . MUL_KW expressions
   87                       | expressions . DIV_KW expressions
   88                       | expressions . MOD_KW expressions

    AND_KW       shift, and go to state 99
    AND_THEN_KW  shift, and go to state 100
    OR_KW        shift, and go to state 101
    OR_ELSE_KW   shift, and go to state 102
    RP_KW        shift, and go to state 143
    EQ_KW        shift, and go to state 103
    NE_KW        shift, and go to state 104
    LE_KW        shift, and go to state 105
    LT_KW        shift, and go to state 106
    GE_KW        shift, and go to state 107
    GT_KW        shift, and go to state 108
    ADD_KW       shift, and go to state 109
    SUB_KW       shift, and go to state 110
    MUL_KW       shift, and go to state 111
    DIV_KW       shift, and go to state 112
    MOD_KW       shift, and go to state 113


state 98

   73 bool_expressions: expressions . LT_KW expressions
   74                 | expressions . LE_KW expressions
   75                 | expressions . GT_KW expressions
   76                 | expressions . GE_KW expressions
   77                 | expressions . EQ_KW expressions
   78                 | expressions . NE_KW expressions
   79                 | expressions . AND_KW M expressions
   80                 | expressions . OR_KW M expressions
   81                 | expressions . AND_THEN_KW expressions
   82                 | expressions . OR_ELSE_KW expressions
   84 arithmatic_expressions: expressions . ADD_KW expressions
   85                       | expressions . SUB_KW expressions
   86                       | expressions . MUL_KW expressions
   87                       | expressions . DIV_KW expressions
   88                       | expressions . MOD_KW expressions
   89                       | SUB_KW expressions .

    $default  reduce using rule 89 (arithmatic_expressions)


state 99

   79 bool_expressions: expressions AND_KW . M expressions

    $default  reduce using rule 95 (M)

    M  go to state 144


state 100

   81 bool_expressions: expressions AND_THEN_KW . expressions

    NOT_KW            shift, and go to state 54
    LP_KW             shift, and go to state 55
    SUB_KW            shift, and go to state 56
    IDENTIFIER        shift, and go to state 3
    INTEGER_CONSTANT  shift, and go to state 57
    REAL_CONSTANT     shift, and go to state 58
    CHAR_CONSTANT     shift, and go to state 59
    BOOLEAN_CONSTANT  shift, and go to state 60

    expressions             go to state 145
    constant_expressions    go to state 62
    bool_expressions        go to state 73
    arithmatic_expressions  go to state 64
    saved_identifier        go to state 65
    saved_integer           go to state 66
    saved_real              go to state 67
    saved_char              go to state 68
    saved_boolean           go to state 69


state 101

   80 bool_expressions: expressions OR_KW . M expressions

    $default  reduce using rule 95 (M)

    M  go to state 146


state 102

   82 bool_expressions: expressions OR_ELSE_KW . expressions

    NOT_KW            shift, and go to state 54
    LP_KW             shift, and go to state 55
    SUB_KW            shift, and go to state 56
    IDENTIFIER        shift, and go to state 3
    INTEGER_CONSTANT  shift, and go to state 57
    REAL_CONSTANT     shift, and go to state 58
    CHAR_CONSTANT     shift, and go to state 59
    BOOLEAN_CONSTANT  shift, and go to state 60

    expressions             go to state 147
    constant_expressions    go to state 62
    bool_expressions        go to state 73
    arithmatic_expressions  go to state 64
    saved_identifier        go to state 65
    saved_integer           go to state 66
    saved_real              go to state 67
    saved_char              go to state 68
    saved_boolean           go to state 69


state 103

   77 bool_expressions: expressions EQ_KW . expressions

    NOT_KW            shift, and go to state 54
    LP_KW             shift, and go to state 55
    SUB_KW            shift, and go to state 56
    IDENTIFIER        shift, and go to state 3
    INTEGER_CONSTANT  shift, and go to state 57
    REAL_CONSTANT     shift, and go to state 58
    CHAR_CONSTANT     shift, and go to state 59
    BOOLEAN_CONSTANT  shift, and go to state 60

    expressions             go to state 148
    constant_expressions    go to state 62
    bool_expressions        go to state 73
    arithmatic_expressions  go to state 64
    saved_identifier        go to state 65
    saved_integer           go to state 66
    saved_real              go to state 67
    saved_char              go to state 68
    saved_boolean           go to state 69


state 104

   78 bool_expressions: expressions NE_KW . expressions

    NOT_KW            shift, and go to state 54
    LP_KW             shift, and go to state 55
    SUB_KW            shift, and go to state 56
    IDENTIFIER        shift, and go to state 3
    INTEGER_CONSTANT  shift, and go to state 57
    REAL_CONSTANT     shift, and go to state 58
    CHAR_CONSTANT     shift, and go to state 59
    BOOLEAN_CONSTANT  shift, and go to state 60

    expressions             go to state 149
    constant_expressions    go to state 62
    bool_expressions        go to state 73
    arithmatic_expressions  go to state 64
    saved_identifier        go to state 65
    saved_integer           go to state 66
    saved_real              go to state 67
    saved_char              go to state 68
    saved_boolean           go to state 69


state 105

   74 bool_expressions: expressions LE_KW . expressions

    NOT_KW            shift, and go to state 54
    LP_KW             shift, and go to state 55
    SUB_KW            shift, and go to state 56
    IDENTIFIER        shift, and go to state 3
    INTEGER_CONSTANT  shift, and go to state 57
    REAL_CONSTANT     shift, and go to state 58
    CHAR_CONSTANT     shift, and go to state 59
    BOOLEAN_CONSTANT  shift, and go to state 60

    expressions             go to state 150
    constant_expressions    go to state 62
    bool_expressions        go to state 73
    arithmatic_expressions  go to state 64
    saved_identifier        go to state 65
    saved_integer           go to state 66
    saved_real              go to state 67
    saved_char              go to state 68
    saved_boolean           go to state 69


state 106

   73 bool_expressions: expressions LT_KW . expressions

    NOT_KW            shift, and go to state 54
    LP_KW             shift, and go to state 55
    SUB_KW            shift, and go to state 56
    IDENTIFIER        shift, and go to state 3
    INTEGER_CONSTANT  shift, and go to state 57
    REAL_CONSTANT     shift, and go to state 58
    CHAR_CONSTANT     shift, and go to state 59
    BOOLEAN_CONSTANT  shift, and go to state 60

    expressions             go to state 151
    constant_expressions    go to state 62
    bool_expressions        go to state 73
    arithmatic_expressions  go to state 64
    saved_identifier        go to state 65
    saved_integer           go to state 66
    saved_real              go to state 67
    saved_char              go to state 68
    saved_boolean           go to state 69


state 107

   76 bool_expressions: expressions GE_KW . expressions

    NOT_KW            shift, and go to state 54
    LP_KW             shift, and go to state 55
    SUB_KW            shift, and go to state 56
    IDENTIFIER        shift, and go to state 3
    INTEGER_CONSTANT  shift, and go to state 57
    REAL_CONSTANT     shift, and go to state 58
    CHAR_CONSTANT     shift, and go to state 59
    BOOLEAN_CONSTANT  shift, and go to state 60

    expressions             go to state 152
    constant_expressions    go to state 62
    bool_expressions        go to state 73
    arithmatic_expressions  go to state 64
    saved_identifier        go to state 65
    saved_integer           go to state 66
    saved_real              go to state 67
    saved_char              go to state 68
    saved_boolean           go to state 69


state 108

   75 bool_expressions: expressions GT_KW . expressions

    NOT_KW            shift, and go to state 54
    LP_KW             shift, and go to state 55
    SUB_KW            shift, and go to state 56
    IDENTIFIER        shift, and go to state 3
    INTEGER_CONSTANT  shift, and go to state 57
    REAL_CONSTANT     shift, and go to state 58
    CHAR_CONSTANT     shift, and go to state 59
    BOOLEAN_CONSTANT  shift, and go to state 60

    expressions             go to state 153
    constant_expressions    go to state 62
    bool_expressions        go to state 73
    arithmatic_expressions  go to state 64
    saved_identifier        go to state 65
    saved_integer           go to state 66
    saved_real              go to state 67
    saved_char              go to state 68
    saved_boolean           go to state 69


state 109

   84 arithmatic_expressions: expressions ADD_KW . expressions

    NOT_KW            shift, and go to state 54
    LP_KW             shift, and go to state 55
    SUB_KW            shift, and go to state 56
    IDENTIFIER        shift, and go to state 3
    INTEGER_CONSTANT  shift, and go to state 57
    REAL_CONSTANT     shift, and go to state 58
    CHAR_CONSTANT     shift, and go to state 59
    BOOLEAN_CONSTANT  shift, and go to state 60

    expressions             go to state 154
    constant_expressions    go to state 62
    bool_expressions        go to state 73
    arithmatic_expressions  go to state 64
    saved_identifier        go to state 65
    saved_integer           go to state 66
    saved_real              go to state 67
    saved_char              go to state 68
    saved_boolean           go to state 69


state 110

   85 arithmatic_expressions: expressions SUB_KW . expressions

    NOT_KW            shift, and go to state 54
    LP_KW             shift, and go to state 55
    SUB_KW            shift, and go to state 56
    IDENTIFIER        shift, and go to state 3
    INTEGER_CONSTANT  shift, and go to state 57
    REAL_CONSTANT     shift, and go to state 58
    CHAR_CONSTANT     shift, and go to state 59
    BOOLEAN_CONSTANT  shift, and go to state 60

    expressions             go to state 155
    constant_expressions    go to state 62
    bool_expressions        go to state 73
    arithmatic_expressions  go to state 64
    saved_identifier        go to state 65
    saved_integer           go to state 66
    saved_real              go to state 67
    saved_char              go to state 68
    saved_boolean           go to state 69


state 111

   86 arithmatic_expressions: expressions MUL_KW . expressions

    NOT_KW            shift, and go to state 54
    LP_KW             shift, and go to state 55
    SUB_KW            shift, and go to state 56
    IDENTIFIER        shift, and go to state 3
    INTEGER_CONSTANT  shift, and go to state 57
    REAL_CONSTANT     shift, and go to state 58
    CHAR_CONSTANT     shift, and go to state 59
    BOOLEAN_CONSTANT  shift, and go to state 60

    expressions             go to state 156
    constant_expressions    go to state 62
    bool_expressions        go to state 73
    arithmatic_expressions  go to state 64
    saved_identifier        go to state 65
    saved_integer           go to state 66
    saved_real              go to state 67
    saved_char              go to state 68
    saved_boolean           go to state 69


state 112

   87 arithmatic_expressions: expressions DIV_KW . expressions

    NOT_KW            shift, and go to state 54
    LP_KW             shift, and go to state 55
    SUB_KW            shift, and go to state 56
    IDENTIFIER        shift, and go to state 3
    INTEGER_CONSTANT  shift, and go to state 57
    REAL_CONSTANT     shift, and go to state 58
    CHAR_CONSTANT     shift, and go to state 59
    BOOLEAN_CONSTANT  shift, and go to state 60

    expressions             go to state 157
    constant_expressions    go to state 62
    bool_expressions        go to state 73
    arithmatic_expressions  go to state 64
    saved_identifier        go to state 65
    saved_integer           go to state 66
    saved_real              go to state 67
    saved_char              go to state 68
    saved_boolean           go to state 69


state 113

   88 arithmatic_expressions: expressions MOD_KW . expressions

    NOT_KW            shift, and go to state 54
    LP_KW             shift, and go to state 55
    SUB_KW            shift, and go to state 56
    IDENTIFIER        shift, and go to state 3
    INTEGER_CONSTANT  shift, and go to state 57
    REAL_CONSTANT     shift, and go to state 58
    CHAR_CONSTANT     shift, and go to state 59
    BOOLEAN_CONSTANT  shift, and go to state 60

    expressions             go to state 158
    constant_expressions    go to state 62
    bool_expressions        go to state 73
    arithmatic_expressions  go to state 64
    saved_identifier        go to state 65
    saved_integer           go to state 66
    saved_real              go to state 67
    saved_char              go to state 68
    saved_boolean           go to state 69


state 114

   46 matched: IF_KW bool_expressions THEN_KW . matched ELSE_KW matched
   48 unmatched: IF_KW bool_expressions THEN_KW . matched ELSE_KW unmatched
   49          | IF_KW bool_expressions THEN_KW . statement

    IF_KW       shift, and go to state 29
    DO_KW       shift, and go to state 30
    FOR_KW      shift, and go to state 31
    SWITCH_KW   shift, and go to state 32
    RETURN_KW   shift, and go to state 33
    EXIT_KW     shift, and go to state 34
    LCB_KW      shift, and go to state 17
    IDENTIFIER  shift, and go to state 3

    block             go to state 37
    statement         go to state 159
    matched           go to state 160
    unmatched         go to state 41
    other_statement   go to state 42
    saved_identifier  go to state 43


state 115

   51 other_statement: DO_KW statement WHILE_KW . bool_expressions

    NOT_KW            shift, and go to state 54
    LP_KW             shift, and go to state 55
    SUB_KW            shift, and go to state 56
    IDENTIFIER        shift, and go to state 3
    INTEGER_CONSTANT  shift, and go to state 57
    REAL_CONSTANT     shift, and go to state 58
    CHAR_CONSTANT     shift, and go to state 59
    BOOLEAN_CONSTANT  shift, and go to state 60

    expressions             go to state 61
    constant_expressions    go to state 62
    bool_expressions        go to state 161
    arithmatic_expressions  go to state 64
    saved_identifier        go to state 65
    saved_integer           go to state 66
    saved_real              go to state 67
    saved_char              go to state 68
    saved_boolean           go to state 69


state 116

   52 other_statement: FOR_KW saved_identifier IN_KW . range REPEAT_KW block

    NOT_KW            shift, and go to state 54
    LP_KW             shift, and go to state 55
    SUB_KW            shift, and go to state 56
    IDENTIFIER        shift, and go to state 3
    INTEGER_CONSTANT  shift, and go to state 57
    REAL_CONSTANT     shift, and go to state 58
    CHAR_CONSTANT     shift, and go to state 59
    BOOLEAN_CONSTANT  shift, and go to state 60

    range                   go to state 162
    expressions             go to state 61
    constant_expressions    go to state 62
    bool_expressions        go to state 73
    arithmatic_expressions  go to state 93
    saved_identifier        go to state 94
    saved_integer           go to state 163
    saved_real              go to state 67
    saved_char              go to state 68
    saved_boolean           go to state 69


state 117

   61 caseelement: CASE_KW . saved_integer COLON_KW block SEMICOLON_KW

    INTEGER_CONSTANT  shift, and go to state 57

    saved_integer  go to state 164


state 118

   53 other_statement: SWITCH_KW expressions caseelement . default END_KW
   54                | SWITCH_KW expressions caseelement . END_KW
   62 caseelement: caseelement . CASE_KW saved_integer COLON_KW block SEMICOLON_KW

    CASE_KW     shift, and go to state 165
    DEFAULT_KW  shift, and go to state 166
    END_KW      shift, and go to state 167

    default  go to state 168


state 119

   58 other_statement: EXIT_KW WHEN_KW LP_KW . bool_expressions RP_KW

    NOT_KW            shift, and go to state 54
    LP_KW             shift, and go to state 55
    SUB_KW            shift, and go to state 56
    IDENTIFIER        shift, and go to state 3
    INTEGER_CONSTANT  shift, and go to state 57
    REAL_CONSTANT     shift, and go to state 58
    CHAR_CONSTANT     shift, and go to state 59
    BOOLEAN_CONSTANT  shift, and go to state 60

    expressions             go to state 61
    constant_expressions    go to state 62
    bool_expressions        go to state 169
    arithmatic_expressions  go to state 64
    saved_identifier        go to state 65
    saved_integer           go to state 66
    saved_real              go to state 67
    saved_char              go to state 68
    saved_boolean           go to state 69


state 120

   43 statement_list: statement_list statement SEMICOLON_KW .

    $default  reduce using rule 43 (statement_list)


state 121

   50 other_statement: saved_identifier ASS_KW expressions .
   73 bool_expressions: expressions . LT_KW expressions
   74                 | expressions . LE_KW expressions
   75                 | expressions . GT_KW expressions
   76                 | expressions . GE_KW expressions
   77                 | expressions . EQ_KW expressions
   78                 | expressions . NE_KW expressions
   79                 | expressions . AND_KW M expressions
   80                 | expressions . OR_KW M expressions
   81                 | expressions . AND_THEN_KW expressions
   82                 | expressions . OR_ELSE_KW expressions
   84 arithmatic_expressions: expressions . ADD_KW expressions
   85                       | expressions . SUB_KW expressions
   86                       | expressions . MUL_KW expressions
   87                       | expressions . DIV_KW expressions
   88                       | expressions . MOD_KW expressions

    AND_KW       shift, and go to state 99
    AND_THEN_KW  shift, and go to state 100
    OR_KW        shift, and go to state 101
    OR_ELSE_KW   shift, and go to state 102
    EQ_KW        shift, and go to state 103
    NE_KW        shift, and go to state 104
    LE_KW        shift, and go to state 105
    LT_KW        shift, and go to state 106
    GE_KW        shift, and go to state 107
    GT_KW        shift, and go to state 108
    ADD_KW       shift, and go to state 109
    SUB_KW       shift, and go to state 110
    MUL_KW       shift, and go to state 111
    DIV_KW       shift, and go to state 112
    MOD_KW       shift, and go to state 113

    $default  reduce using rule 50 (other_statement)


state 122

   56 other_statement: saved_identifier LP_KW RP_KW .

    $default  reduce using rule 56 (other_statement)


state 123

   12 declarator_list: declarator_list . declarator
   60 arguments: declarator_list .

    IDENTIFIER  shift, and go to state 3

    $default  reduce using rule 60 (arguments)

    declarator        go to state 48
    dec               go to state 49
    saved_identifier  go to state 26


state 124

   55 other_statement: saved_identifier LP_KW arguments . RP_KW

    RP_KW  shift, and go to state 170


state 125

   37 parameters: LP_KW declarations_list RP_KW .

    $default  reduce using rule 37 (parameters)


state 126

    5 declarations_list: declarations_list . declarations
   35 procedure: PROCEDURE_KW saved_identifier parameters LCB_KW declarations_list . block RCB_KW

    INTEGER_KW  shift, and go to state 8
    REAL_KW     shift, and go to state 9
    CHAR_KW     shift, and go to state 10
    BOOLEAN_KW  shift, and go to state 11
    LCB_KW      shift, and go to state 17

    declarations     go to state 21
    type_specifiers  go to state 14
    block            go to state 171


state 127

   36 procedure: PROCEDURE_KW saved_identifier parameters LCB_KW block . RCB_KW

    RCB_KW  shift, and go to state 172


state 128

   15 declarator: dec ASS_KW initializer .

    $default  reduce using rule 15 (declarator)


state 129

   26 initializer: initializer_list .
   29 initializer_list: initializer_list . constant_expressions COMMA_KW

    INTEGER_CONSTANT  shift, and go to state 57
    REAL_CONSTANT     shift, and go to state 58
    CHAR_CONSTANT     shift, and go to state 59
    BOOLEAN_CONSTANT  shift, and go to state 60

    $default  reduce using rule 26 (initializer)

    constant_expressions  go to state 173
    saved_integer         go to state 66
    saved_real            go to state 67
    saved_char            go to state 68
    saved_boolean         go to state 69


state 130

   30 initializer_list: constant_expressions . COMMA_KW

    COMMA_KW  shift, and go to state 137


state 131

   29 initializer_list: initializer_list . constant_expressions COMMA_KW
   31 initializer_list_in_cb: initializer_list . constant_expressions RCB_KW

    INTEGER_CONSTANT  shift, and go to state 57
    REAL_CONSTANT     shift, and go to state 58
    CHAR_CONSTANT     shift, and go to state 59
    BOOLEAN_CONSTANT  shift, and go to state 60

    constant_expressions  go to state 174
    saved_integer         go to state 66
    saved_real            go to state 67
    saved_char            go to state 68
    saved_boolean         go to state 69


state 132

   25 initializer: LCB_KW initializer_list_in_cb .

    $default  reduce using rule 25 (initializer)


state 133

   30 initializer_list: constant_expressions . COMMA_KW
   32 initializer_list_in_cb: constant_expressions . RCB_KW

    COMMA_KW  shift, and go to state 137
    RCB_KW    shift, and go to state 175


state 134

   17 declarator_end: dec ASS_KW initializer SEMICOLON_KW .

    $default  reduce using rule 17 (declarator_end)


state 135

   27 initializer_end: initializer_list constant_expressions . SEMICOLON_KW
   29 initializer_list: initializer_list constant_expressions . COMMA_KW

    SEMICOLON_KW  shift, and go to state 176
    COMMA_KW      shift, and go to state 177


state 136

   28 initializer_end: constant_expressions SEMICOLON_KW .

    $default  reduce using rule 28 (initializer_end)


state 137

   30 initializer_list: constant_expressions COMMA_KW .

    $default  reduce using rule 30 (initializer_list)


state 138

   20 dec: saved_identifier LB_KW range RB_KW .

    $default  reduce using rule 20 (dec)


state 139

   24 range: arithmatic_expressions TWO_DOTS_KW . arithmatic_expressions

    NOT_KW            shift, and go to state 54
    LP_KW             shift, and go to state 55
    SUB_KW            shift, and go to state 56
    IDENTIFIER        shift, and go to state 3
    INTEGER_CONSTANT  shift, and go to state 57
    REAL_CONSTANT     shift, and go to state 58
    CHAR_CONSTANT     shift, and go to state 59
    BOOLEAN_CONSTANT  shift, and go to state 60

    expressions             go to state 61
    constant_expressions    go to state 62
    bool_expressions        go to state 73
    arithmatic_expressions  go to state 178
    saved_identifier        go to state 65
    saved_integer           go to state 66
    saved_real              go to state 67
    saved_char              go to state 68
    saved_boolean           go to state 69


state 140

   22 range: saved_identifier TWO_DOTS_KW . saved_identifier

    IDENTIFIER  shift, and go to state 3

    saved_identifier  go to state 179


state 141

   21 dec: saved_identifier LB_KW saved_integer RB_KW .

    $default  reduce using rule 21 (dec)


state 142

   23 range: saved_integer TWO_DOTS_KW . saved_integer

    INTEGER_CONSTANT  shift, and go to state 57

    saved_integer  go to state 180


state 143

   68 expressions: LP_KW expressions RP_KW .

    $default  reduce using rule 68 (expressions)


state 144

   79 bool_expressions: expressions AND_KW M . expressions

    NOT_KW            shift, and go to state 54
    LP_KW             shift, and go to state 55
    SUB_KW            shift, and go to state 56
    IDENTIFIER        shift, and go to state 3
    INTEGER_CONSTANT  shift, and go to state 57
    REAL_CONSTANT     shift, and go to state 58
    CHAR_CONSTANT     shift, and go to state 59
    BOOLEAN_CONSTANT  shift, and go to state 60

    expressions             go to state 181
    constant_expressions    go to state 62
    bool_expressions        go to state 73
    arithmatic_expressions  go to state 64
    saved_identifier        go to state 65
    saved_integer           go to state 66
    saved_real              go to state 67
    saved_char              go to state 68
    saved_boolean           go to state 69


state 145

   73 bool_expressions: expressions . LT_KW expressions
   74                 | expressions . LE_KW expressions
   75                 | expressions . GT_KW expressions
   76                 | expressions . GE_KW expressions
   77                 | expressions . EQ_KW expressions
   78                 | expressions . NE_KW expressions
   79                 | expressions . AND_KW M expressions
   80                 | expressions . OR_KW M expressions
   81                 | expressions . AND_THEN_KW expressions
   81                 | expressions AND_THEN_KW expressions .
   82                 | expressions . OR_ELSE_KW expressions
   84 arithmatic_expressions: expressions . ADD_KW expressions
   85                       | expressions . SUB_KW expressions
   86                       | expressions . MUL_KW expressions
   87                       | expressions . DIV_KW expressions
   88                       | expressions . MOD_KW expressions

    EQ_KW   shift, and go to state 103
    NE_KW   shift, and go to state 104
    LE_KW   shift, and go to state 105
    LT_KW   shift, and go to state 106
    GE_KW   shift, and go to state 107
    GT_KW   shift, and go to state 108
    ADD_KW  shift, and go to state 109
    SUB_KW  shift, and go to state 110
    MUL_KW  shift, and go to state 111
    DIV_KW  shift, and go to state 112
    MOD_KW  shift, and go to state 113

    $default  reduce using rule 81 (bool_expressions)


state 146

   80 bool_expressions: expressions OR_KW M . expressions

    NOT_KW            shift, and go to state 54
    LP_KW             shift, and go to state 55
    SUB_KW            shift, and go to state 56
    IDENTIFIER        shift, and go to state 3
    INTEGER_CONSTANT  shift, and go to state 57
    REAL_CONSTANT     shift, and go to state 58
    CHAR_CONSTANT     shift, and go to state 59
    BOOLEAN_CONSTANT  shift, and go to state 60

    expressions             go to state 182
    constant_expressions    go to state 62
    bool_expressions        go to state 73
    arithmatic_expressions  go to state 64
    saved_identifier        go to state 65
    saved_integer           go to state 66
    saved_real              go to state 67
    saved_char              go to state 68
    saved_boolean           go to state 69


state 147

   73 bool_expressions: expressions . LT_KW expressions
   74                 | expressions . LE_KW expressions
   75                 | expressions . GT_KW expressions
   76                 | expressions . GE_KW expressions
   77                 | expressions . EQ_KW expressions
   78                 | expressions . NE_KW expressions
   79                 | expressions . AND_KW M expressions
   80                 | expressions . OR_KW M expressions
   81                 | expressions . AND_THEN_KW expressions
   82                 | expressions . OR_ELSE_KW expressions
   82                 | expressions OR_ELSE_KW expressions .
   84 arithmatic_expressions: expressions . ADD_KW expressions
   85                       | expressions . SUB_KW expressions
   86                       | expressions . MUL_KW expressions
   87                       | expressions . DIV_KW expressions
   88                       | expressions . MOD_KW expressions

    AND_KW       shift, and go to state 99
    AND_THEN_KW  shift, and go to state 100
    EQ_KW        shift, and go to state 103
    NE_KW        shift, and go to state 104
    LE_KW        shift, and go to state 105
    LT_KW        shift, and go to state 106
    GE_KW        shift, and go to state 107
    GT_KW        shift, and go to state 108
    ADD_KW       shift, and go to state 109
    SUB_KW       shift, and go to state 110
    MUL_KW       shift, and go to state 111
    DIV_KW       shift, and go to state 112
    MOD_KW       shift, and go to state 113

    $default  reduce using rule 82 (bool_expressions)


state 148

   73 bool_expressions: expressions . LT_KW expressions
   74                 | expressions . LE_KW expressions
   75                 | expressions . GT_KW expressions
   76                 | expressions . GE_KW expressions
   77                 | expressions . EQ_KW expressions
   77                 | expressions EQ_KW expressions .
   78                 | expressions . NE_KW expressions
   79                 | expressions . AND_KW M expressions
   80                 | expressions . OR_KW M expressions
   81                 | expressions . AND_THEN_KW expressions
   82                 | expressions . OR_ELSE_KW expressions
   84 arithmatic_expressions: expressions . ADD_KW expressions
   85                       | expressions . SUB_KW expressions
   86                       | expressions . MUL_KW expressions
   87                       | expressions . DIV_KW expressions
   88                       | expressions . MOD_KW expressions

    ADD_KW  shift, and go to state 109
    SUB_KW  shift, and go to state 110
    MUL_KW  shift, and go to state 111
    DIV_KW  shift, and go to state 112
    MOD_KW  shift, and go to state 113

    $default  reduce using rule 77 (bool_expressions)


state 149

   73 bool_expressions: expressions . LT_KW expressions
   74                 | expressions . LE_KW expressions
   75                 | expressions . GT_KW expressions
   76                 | expressions . GE_KW expressions
   77                 | expressions . EQ_KW expressions
   78                 | expressions . NE_KW expressions
   78                 | expressions NE_KW expressions .
   79                 | expressions . AND_KW M expressions
   80                 | expressions . OR_KW M expressions
   81                 | expressions . AND_THEN_KW expressions
   82                 | expressions . OR_ELSE_KW expressions
   84 arithmatic_expressions: expressions . ADD_KW expressions
   85                       | expressions . SUB_KW expressions
   86                       | expressions . MUL_KW expressions
   87                       | expressions . DIV_KW expressions
   88                       | expressions . MOD_KW expressions

    ADD_KW  shift, and go to state 109
    SUB_KW  shift, and go to state 110
    MUL_KW  shift, and go to state 111
    DIV_KW  shift, and go to state 112
    MOD_KW  shift, and go to state 113

    $default  reduce using rule 78 (bool_expressions)


state 150

   73 bool_expressions: expressions . LT_KW expressions
   74                 | expressions . LE_KW expressions
   74                 | expressions LE_KW expressions .
   75                 | expressions . GT_KW expressions
   76                 | expressions . GE_KW expressions
   77                 | expressions . EQ_KW expressions
   78                 | expressions . NE_KW expressions
   79                 | expressions . AND_KW M expressions
   80                 | expressions . OR_KW M expressions
   81                 | expressions . AND_THEN_KW expressions
   82                 | expressions . OR_ELSE_KW expressions
   84 arithmatic_expressions: expressions . ADD_KW expressions
   85                       | expressions . SUB_KW expressions
   86                       | expressions . MUL_KW expressions
   87                       | expressions . DIV_KW expressions
   88                       | expressions . MOD_KW expressions

    ADD_KW  shift, and go to state 109
    SUB_KW  shift, and go to state 110
    MUL_KW  shift, and go to state 111
    DIV_KW  shift, and go to state 112
    MOD_KW  shift, and go to state 113

    $default  reduce using rule 74 (bool_expressions)


state 151

   73 bool_expressions: expressions . LT_KW expressions
   73                 | expressions LT_KW expressions .
   74                 | expressions . LE_KW expressions
   75                 | expressions . GT_KW expressions
   76                 | expressions . GE_KW expressions
   77                 | expressions . EQ_KW expressions
   78                 | expressions . NE_KW expressions
   79                 | expressions . AND_KW M expressions
   80                 | expressions . OR_KW M expressions
   81                 | expressions . AND_THEN_KW expressions
   82                 | expressions . OR_ELSE_KW expressions
   84 arithmatic_expressions: expressions . ADD_KW expressions
   85                       | expressions . SUB_KW expressions
   86                       | expressions . MUL_KW expressions
   87                       | expressions . DIV_KW expressions
   88                       | expressions . MOD_KW expressions

    ADD_KW  shift, and go to state 109
    SUB_KW  shift, and go to state 110
    MUL_KW  shift, and go to state 111
    DIV_KW  shift, and go to state 112
    MOD_KW  shift, and go to state 113

    $default  reduce using rule 73 (bool_expressions)


state 152

   73 bool_expressions: expressions . LT_KW expressions
   74                 | expressions . LE_KW expressions
   75                 | expressions . GT_KW expressions
   76                 | expressions . GE_KW expressions
   76                 | expressions GE_KW expressions .
   77                 | expressions . EQ_KW expressions
   78                 | expressions . NE_KW expressions
   79                 | expressions . AND_KW M expressions
   80                 | expressions . OR_KW M expressions
   81                 | expressions . AND_THEN_KW expressions
   82                 | expressions . OR_ELSE_KW expressions
   84 arithmatic_expressions: expressions . ADD_KW expressions
   85                       | expressions . SUB_KW expressions
   86                       | expressions . MUL_KW expressions
   87                       | expressions . DIV_KW expressions
   88                       | expressions . MOD_KW expressions

    ADD_KW  shift, and go to state 109
    SUB_KW  shift, and go to state 110
    MUL_KW  shift, and go to state 111
    DIV_KW  shift, and go to state 112
    MOD_KW  shift, and go to state 113

    $default  reduce using rule 76 (bool_expressions)


state 153

   73 bool_expressions: expressions . LT_KW expressions
   74                 | expressions . LE_KW expressions
   75                 | expressions . GT_KW expressions
   75                 | expressions GT_KW expressions .
   76                 | expressions . GE_KW expressions
   77                 | expressions . EQ_KW expressions
   78                 | expressions . NE_KW expressions
   79                 | expressions . AND_KW M expressions
   80                 | expressions . OR_KW M expressions
   81                 | expressions . AND_THEN_KW expressions
   82                 | expressions . OR_ELSE_KW expressions
   84 arithmatic_expressions: expressions . ADD_KW expressions
   85                       | expressions . SUB_KW expressions
   86                       | expressions . MUL_KW expressions
   87                       | expressions . DIV_KW expressions
   88                       | expressions . MOD_KW expressions

    ADD_KW  shift, and go to state 109
    SUB_KW  shift, and go to state 110
    MUL_KW  shift, and go to state 111
    DIV_KW  shift, and go to state 112
    MOD_KW  shift, and go to state 113

    $default  reduce using rule 75 (bool_expressions)


state 154

   73 bool_expressions: expressions . LT_KW expressions
   74                 | expressions . LE_KW expressions
   75                 | expressions . GT_KW expressions
   76                 | expressions . GE_KW expressions
   77                 | expressions . EQ_KW expressions
   78                 | expressions . NE_KW expressions
   79                 | expressions . AND_KW M expressions
   80                 | expressions . OR_KW M expressions
   81                 | expressions . AND_THEN_KW expressions
   82                 | expressions . OR_ELSE_KW expressions
   84 arithmatic_expressions: expressions . ADD_KW expressions
   84                       | expressions ADD_KW expressions .
   85                       | expressions . SUB_KW expressions
   86                       | expressions . MUL_KW expressions
   87                       | expressions . DIV_KW expressions
   88                       | expressions . MOD_KW expressions

    MUL_KW  shift, and go to state 111
    DIV_KW  shift, and go to state 112
    MOD_KW  shift, and go to state 113

    $default  reduce using rule 84 (arithmatic_expressions)


state 155

   73 bool_expressions: expressions . LT_KW expressions
   74                 | expressions . LE_KW expressions
   75                 | expressions . GT_KW expressions
   76                 | expressions . GE_KW expressions
   77                 | expressions . EQ_KW expressions
   78                 | expressions . NE_KW expressions
   79                 | expressions . AND_KW M expressions
   80                 | expressions . OR_KW M expressions
   81                 | expressions . AND_THEN_KW expressions
   82                 | expressions . OR_ELSE_KW expressions
   84 arithmatic_expressions: expressions . ADD_KW expressions
   85                       | expressions . SUB_KW expressions
   85                       | expressions SUB_KW expressions .
   86                       | expressions . MUL_KW expressions
   87                       | expressions . DIV_KW expressions
   88                       | expressions . MOD_KW expressions

    MUL_KW  shift, and go to state 111
    DIV_KW  shift, and go to state 112
    MOD_KW  shift, and go to state 113

    $default  reduce using rule 85 (arithmatic_expressions)


state 156

   73 bool_expressions: expressions . LT_KW expressions
   74                 | expressions . LE_KW expressions
   75                 | expressions . GT_KW expressions
   76                 | expressions . GE_KW expressions
   77                 | expressions . EQ_KW expressions
   78                 | expressions . NE_KW expressions
   79                 | expressions . AND_KW M expressions
   80                 | expressions . OR_KW M expressions
   81                 | expressions . AND_THEN_KW expressions
   82                 | expressions . OR_ELSE_KW expressions
   84 arithmatic_expressions: expressions . ADD_KW expressions
   85                       | expressions . SUB_KW expressions
   86                       | expressions . MUL_KW expressions
   86                       | expressions MUL_KW expressions .
   87                       | expressions . DIV_KW expressions
   88                       | expressions . MOD_KW expressions

    $default  reduce using rule 86 (arithmatic_expressions)


state 157

   73 bool_expressions: expressions . LT_KW expressions
   74                 | expressions . LE_KW expressions
   75                 | expressions . GT_KW expressions
   76                 | expressions . GE_KW expressions
   77                 | expressions . EQ_KW expressions
   78                 | expressions . NE_KW expressions
   79                 | expressions . AND_KW M expressions
   80                 | expressions . OR_KW M expressions
   81                 | expressions . AND_THEN_KW expressions
   82                 | expressions . OR_ELSE_KW expressions
   84 arithmatic_expressions: expressions . ADD_KW expressions
   85                       | expressions . SUB_KW expressions
   86                       | expressions . MUL_KW expressions
   87                       | expressions . DIV_KW expressions
   87                       | expressions DIV_KW expressions .
   88                       | expressions . MOD_KW expressions

    $default  reduce using rule 87 (arithmatic_expressions)


state 158

   73 bool_expressions: expressions . LT_KW expressions
   74                 | expressions . LE_KW expressions
   75                 | expressions . GT_KW expressions
   76                 | expressions . GE_KW expressions
   77                 | expressions . EQ_KW expressions
   78                 | expressions . NE_KW expressions
   79                 | expressions . AND_KW M expressions
   80                 | expressions . OR_KW M expressions
   81                 | expressions . AND_THEN_KW expressions
   82                 | expressions . OR_ELSE_KW expressions
   84 arithmatic_expressions: expressions . ADD_KW expressions
   85                       | expressions . SUB_KW expressions
   86                       | expressions . MUL_KW expressions
   87                       | expressions . DIV_KW expressions
   88                       | expressions . MOD_KW expressions
   88                       | expressions MOD_KW expressions .

    $default  reduce using rule 88 (arithmatic_expressions)


state 159

   49 unmatched: IF_KW bool_expressions THEN_KW statement .

    $default  reduce using rule 49 (unmatched)


state 160

   44 statement: matched .
   46 matched: IF_KW bool_expressions THEN_KW matched . ELSE_KW matched
   48 unmatched: IF_KW bool_expressions THEN_KW matched . ELSE_KW unmatched

    ELSE_KW  shift, and go to state 183

    $default  reduce using rule 44 (statement)


state 161

   51 other_statement: DO_KW statement WHILE_KW bool_expressions .
   65 expressions: bool_expressions .

    ELSE_KW       reduce using rule 51 (other_statement)
    WHILE_KW      reduce using rule 51 (other_statement)
    SEMICOLON_KW  reduce using rule 51 (other_statement)
    $default      reduce using rule 65 (expressions)


state 162

   52 other_statement: FOR_KW saved_identifier IN_KW range . REPEAT_KW block

    REPEAT_KW  shift, and go to state 184


state 163

   23 range: saved_integer . TWO_DOTS_KW saved_integer
   69 constant_expressions: saved_integer .

    TWO_DOTS_KW  shift, and go to state 142

    $default  reduce using rule 69 (constant_expressions)


state 164

   61 caseelement: CASE_KW saved_integer . COLON_KW block SEMICOLON_KW

    COLON_KW  shift, and go to state 185


state 165

   62 caseelement: caseelement CASE_KW . saved_integer COLON_KW block SEMICOLON_KW

    INTEGER_CONSTANT  shift, and go to state 57

    saved_integer  go to state 186


state 166

   63 default: DEFAULT_KW . COLON_KW block SEMICOLON_KW

    COLON_KW  shift, and go to state 187


state 167

   54 other_statement: SWITCH_KW expressions caseelement END_KW .

    $default  reduce using rule 54 (other_statement)


state 168

   53 other_statement: SWITCH_KW expressions caseelement default . END_KW

    END_KW  shift, and go to state 188


state 169

   58 other_statement: EXIT_KW WHEN_KW LP_KW bool_expressions . RP_KW
   65 expressions: bool_expressions .

    RP_KW  shift, and go to state 189

    $default  reduce using rule 65 (expressions)


state 170

   55 other_statement: saved_identifier LP_KW arguments RP_KW .

    $default  reduce using rule 55 (other_statement)


state 171

   35 procedure: PROCEDURE_KW saved_identifier parameters LCB_KW declarations_list block . RCB_KW

    RCB_KW  shift, and go to state 190


state 172

   36 procedure: PROCEDURE_KW saved_identifier parameters LCB_KW block RCB_KW .

    $default  reduce using rule 36 (procedure)


state 173

   29 initializer_list: initializer_list constant_expressions . COMMA_KW

    COMMA_KW  shift, and go to state 177


state 174

   29 initializer_list: initializer_list constant_expressions . COMMA_KW
   31 initializer_list_in_cb: initializer_list constant_expressions . RCB_KW

    COMMA_KW  shift, and go to state 177
    RCB_KW    shift, and go to state 191


state 175

   32 initializer_list_in_cb: constant_expressions RCB_KW .

    $default  reduce using rule 32 (initializer_list_in_cb)


state 176

   27 initializer_end: initializer_list constant_expressions SEMICOLON_KW .

    $default  reduce using rule 27 (initializer_end)


state 177

   29 initializer_list: initializer_list constant_expressions COMMA_KW .

    $default  reduce using rule 29 (initializer_list)


state 178

   24 range: arithmatic_expressions TWO_DOTS_KW arithmatic_expressions .
   66 expressions: arithmatic_expressions .

    REPEAT_KW  reduce using rule 24 (range)
    RB_KW      reduce using rule 24 (range)
    $default   reduce using rule 66 (expressions)


state 179

   22 range: saved_identifier TWO_DOTS_KW saved_identifier .

    $default  reduce using rule 22 (range)


state 180

   23 range: saved_integer TWO_DOTS_KW saved_integer .

    $default  reduce using rule 23 (range)


state 181

   73 bool_expressions: expressions . LT_KW expressions
   74                 | expressions . LE_KW expressions
   75                 | expressions . GT_KW expressions
   76                 | expressions . GE_KW expressions
   77                 | expressions . EQ_KW expressions
   78                 | expressions . NE_KW expressions
   79                 | expressions . AND_KW M expressions
   79                 | expressions AND_KW M expressions .
   80                 | expressions . OR_KW M expressions
   81                 | expressions . AND_THEN_KW expressions
   82                 | expressions . OR_ELSE_KW expressions
   84 arithmatic_expressions: expressions . ADD_KW expressions
   85                       | expressions . SUB_KW expressions
   86                       | expressions . MUL_KW expressions
   87                       | expressions . DIV_KW expressions
   88                       | expressions . MOD_KW expressions

    EQ_KW   shift, and go to state 103
    NE_KW   shift, and go to state 104
    LE_KW   shift, and go to state 105
    LT_KW   shift, and go to state 106
    GE_KW   shift, and go to state 107
    GT_KW   shift, and go to state 108
    ADD_KW  shift, and go to state 109
    SUB_KW  shift, and go to state 110
    MUL_KW  shift, and go to state 111
    DIV_KW  shift, and go to state 112
    MOD_KW  shift, and go to state 113

    $default  reduce using rule 79 (bool_expressions)


state 182

   73 bool_expressions: expressions . LT_KW expressions
   74                 | expressions . LE_KW expressions
   75                 | expressions . GT_KW expressions
   76                 | expressions . GE_KW expressions
   77                 | expressions . EQ_KW expressions
   78                 | expressions . NE_KW expressions
   79                 | expressions . AND_KW M expressions
   80                 | expressions . OR_KW M expressions
   80                 | expressions OR_KW M expressions .
   81                 | expressions . AND_THEN_KW expressions
   82                 | expressions . OR_ELSE_KW expressions
   84 arithmatic_expressions: expressions . ADD_KW expressions
   85                       | expressions . SUB_KW expressions
   86                       | expressions . MUL_KW expressions
   87                       | expressions . DIV_KW expressions
   88                       | expressions . MOD_KW expressions

    AND_KW       shift, and go to state 99
    AND_THEN_KW  shift, and go to state 100
    EQ_KW        shift, and go to state 103
    NE_KW        shift, and go to state 104
    LE_KW        shift, and go to state 105
    LT_KW        shift, and go to state 106
    GE_KW        shift, and go to state 107
    GT_KW        shift, and go to state 108
    ADD_KW       shift, and go to state 109
    SUB_KW       shift, and go to state 110
    MUL_KW       shift, and go to state 111
    DIV_KW       shift, and go to state 112
    MOD_KW       shift, and go to state 113

    $default  reduce using rule 80 (bool_expressions)


state 183

   46 matched: IF_KW bool_expressions THEN_KW matched ELSE_KW . matched
   48 unmatched: IF_KW bool_expressions THEN_KW matched ELSE_KW . unmatched

    IF_KW       shift, and go to state 29
    DO_KW       shift, and go to state 30
    FOR_KW      shift, and go to state 31
    SWITCH_KW   shift, and go to state 32
    RETURN_KW   shift, and go to state 33
    EXIT_KW     shift, and go to state 34
    LCB_KW      shift, and go to state 17
    IDENTIFIER  shift, and go to state 3

    block             go to state 37
    matched           go to state 192
    unmatched         go to state 193
    other_statement   go to state 42
    saved_identifier  go to state 43


state 184

   52 other_statement: FOR_KW saved_identifier IN_KW range REPEAT_KW . block

    LCB_KW  shift, and go to state 17

    block  go to state 194


state 185

   61 caseelement: CASE_KW saved_integer COLON_KW . block SEMICOLON_KW

    LCB_KW  shift, and go to state 17

    block  go to state 195


state 186

   62 caseelement: caseelement CASE_KW saved_integer . COLON_KW block SEMICOLON_KW

    COLON_KW  shift, and go to state 196


state 187

   63 default: DEFAULT_KW COLON_KW . block SEMICOLON_KW

    LCB_KW  shift, and go to state 17

    block  go to state 197


state 188

   53 other_statement: SWITCH_KW expressions caseelement default END_KW .

    $default  reduce using rule 53 (other_statement)


state 189

   58 other_statement: EXIT_KW WHEN_KW LP_KW bool_expressions RP_KW .

    $default  reduce using rule 58 (other_statement)


state 190

   35 procedure: PROCEDURE_KW saved_identifier parameters LCB_KW declarations_list block RCB_KW .

    $default  reduce using rule 35 (procedure)


state 191

   31 initializer_list_in_cb: initializer_list constant_expressions RCB_KW .

    $default  reduce using rule 31 (initializer_list_in_cb)


state 192

   46 matched: IF_KW bool_expressions THEN_KW matched ELSE_KW matched .

    $default  reduce using rule 46 (matched)


state 193

   48 unmatched: IF_KW bool_expressions THEN_KW matched ELSE_KW unmatched .

    $default  reduce using rule 48 (unmatched)


state 194

   52 other_statement: FOR_KW saved_identifier IN_KW range REPEAT_KW block .

    $default  reduce using rule 52 (other_statement)


state 195

   61 caseelement: CASE_KW saved_integer COLON_KW block . SEMICOLON_KW

    SEMICOLON_KW  shift, and go to state 198


state 196

   62 caseelement: caseelement CASE_KW saved_integer COLON_KW . block SEMICOLON_KW

    LCB_KW  shift, and go to state 17

    block  go to state 199


state 197

   63 default: DEFAULT_KW COLON_KW block . SEMICOLON_KW

    SEMICOLON_KW  shift, and go to state 200


state 198

   61 caseelement: CASE_KW saved_integer COLON_KW block SEMICOLON_KW .

    $default  reduce using rule 61 (caseelement)


state 199

   62 caseelement: caseelement CASE_KW saved_integer COLON_KW block . SEMICOLON_KW

    SEMICOLON_KW  shift, and go to state 201


state 200

   63 default: DEFAULT_KW COLON_KW block SEMICOLON_KW .

    $default  reduce using rule 63 (default)


state 201

   62 caseelement: caseelement CASE_KW saved_integer COLON_KW block SEMICOLON_KW .

    $default  reduce using rule 62 (caseelement)
